<?xml version="1.0" encoding="UTF-8"?>
<testng-results skipped="0" failed="0" ignored="0" total="1" passed="1">
  <reporter-output>
  </reporter-output>
  <suite name="Suite" duration-ms="22405" started-at="2020-05-02T11:27:29 BST" finished-at="2020-05-02T11:27:52 BST">
    <groups>
    </groups>
    <test name="Test" duration-ms="22405" started-at="2020-05-02T11:27:29 BST" finished-at="2020-05-02T11:27:52 BST">
      <class name="Project.HomePage">
        <test-method status="PASS" signature="initialize()[pri:0, instance:Project.HomePage@8c3b9d]" name="initialize" is-config="true" duration-ms="4390" started-at="2020-05-02T11:27:29 BST" finished-at="2020-05-02T11:27:34 BST">
          <reporter-output>
          </reporter-output>
        </test-method> <!-- initialize -->
        <test-method status="PASS" signature="LoginPageNavigation(java.lang.String, java.lang.String)[pri:0, instance:Project.HomePage@8c3b9d]" name="LoginPageNavigation" duration-ms="17959" started-at="2020-05-02T11:27:34 BST" data-provider="InputData" finished-at="2020-05-02T11:27:52 BST">
          <params>
            <param index="0">
              <value>
                <![CDATA[hi.92.world2@gmail.com]]>
              </value>
            </param>
            <param index="1">
              <value>
                <![CDATA[QAZWSX123edc,.help]]>
              </value>
            </param>
          </params>
          <reporter-output>
          </reporter-output>
        </test-method> <!-- LoginPageNavigation -->
      </class> <!-- Project.HomePage -->
    </test> <!-- Test -->
  </suite> <!-- Suite -->
</testng-results>
